{"/home/node/app/src/@seedwork/domain/unique-entity-id.vo.ts": {"path":"/home/node/app/src/@seedwork/domain/unique-entity-id.vo.ts","all":false,"statementMap":{"0":{"start":{"line":1,"column":0},"end":{"line":1,"column":64}},"1":{"start":{"line":2,"column":0},"end":{"line":2,"column":60}},"2":{"start":{"line":3,"column":0},"end":{"line":3,"column":0}},"3":{"start":{"line":4,"column":0},"end":{"line":4,"column":37}},"4":{"start":{"line":5,"column":0},"end":{"line":5,"column":47}},"5":{"start":{"line":6,"column":0},"end":{"line":6,"column":35}},"6":{"start":{"line":7,"column":0},"end":{"line":7,"column":20}},"7":{"start":{"line":8,"column":0},"end":{"line":8,"column":3}},"8":{"start":{"line":9,"column":0},"end":{"line":9,"column":0}},"9":{"start":{"line":10,"column":0},"end":{"line":10,"column":22}},"10":{"start":{"line":11,"column":0},"end":{"line":11,"column":47}},"11":{"start":{"line":12,"column":0},"end":{"line":12,"column":0}},"12":{"start":{"line":13,"column":0},"end":{"line":13,"column":47}},"13":{"start":{"line":14,"column":0},"end":{"line":14,"column":3}},"14":{"start":{"line":15,"column":0},"end":{"line":15,"column":1}}},"s":{"0":1,"1":1,"2":1,"3":1,"4":1,"5":10,"6":10,"7":10,"8":1,"9":1,"10":10,"11":10,"12":10,"13":10,"14":1},"branchMap":{"0":{"type":"branch","line":5,"loc":{"start":{"line":5,"column":30},"end":{"line":8,"column":3}},"locations":[{"start":{"line":5,"column":30},"end":{"line":8,"column":3}}]},"1":{"type":"branch","line":6,"loc":{"start":{"line":6,"column":22},"end":{"line":6,"column":34}},"locations":[{"start":{"line":6,"column":22},"end":{"line":6,"column":34}}]},"2":{"type":"branch","line":10,"loc":{"start":{"line":10,"column":10},"end":{"line":14,"column":3}},"locations":[{"start":{"line":10,"column":10},"end":{"line":14,"column":3}}]},"3":{"type":"branch","line":13,"loc":{"start":{"line":13,"column":18},"end":{"line":13,"column":47}},"locations":[{"start":{"line":13,"column":18},"end":{"line":13,"column":47}}]}},"b":{"0":[10],"1":[8],"2":[10],"3":[1]},"fnMap":{"0":{"name":"UniqueEntityId","decl":{"start":{"line":5,"column":30},"end":{"line":8,"column":3}},"loc":{"start":{"line":5,"column":30},"end":{"line":8,"column":3}},"line":5},"1":{"name":"validate","decl":{"start":{"line":10,"column":10},"end":{"line":14,"column":3}},"loc":{"start":{"line":10,"column":10},"end":{"line":14,"column":3}},"line":10}},"f":{"0":10,"1":10}}
,"/home/node/app/src/@seedwork/errors/invalid-uuid-error.ts": {"path":"/home/node/app/src/@seedwork/errors/invalid-uuid-error.ts","all":false,"statementMap":{"0":{"start":{"line":1,"column":0},"end":{"line":1,"column":53}},"1":{"start":{"line":2,"column":0},"end":{"line":2,"column":17}},"2":{"start":{"line":3,"column":0},"end":{"line":3,"column":37}},"3":{"start":{"line":4,"column":0},"end":{"line":4,"column":35}},"4":{"start":{"line":5,"column":0},"end":{"line":5,"column":3}},"5":{"start":{"line":6,"column":0},"end":{"line":6,"column":1}}},"s":{"0":1,"1":1,"2":1,"3":1,"4":1,"5":1},"branchMap":{"0":{"type":"branch","line":2,"loc":{"start":{"line":2,"column":16},"end":{"line":5,"column":3}},"locations":[{"start":{"line":2,"column":16},"end":{"line":5,"column":3}}]}},"b":{"0":[1]},"fnMap":{"0":{"name":"InvalidUuidError","decl":{"start":{"line":2,"column":16},"end":{"line":5,"column":3}},"loc":{"start":{"line":2,"column":16},"end":{"line":5,"column":3}},"line":2}},"f":{"0":1}}
,"/home/node/app/src/category/domain/entities/category.ts": {"path":"/home/node/app/src/category/domain/entities/category.ts","all":false,"statementMap":{"0":{"start":{"line":1,"column":0},"end":{"line":1,"column":75}},"1":{"start":{"line":2,"column":0},"end":{"line":2,"column":0}},"2":{"start":{"line":3,"column":0},"end":{"line":3,"column":34}},"3":{"start":{"line":4,"column":0},"end":{"line":4,"column":15}},"4":{"start":{"line":5,"column":0},"end":{"line":5,"column":23}},"5":{"start":{"line":6,"column":0},"end":{"line":6,"column":21}},"6":{"start":{"line":7,"column":0},"end":{"line":7,"column":19}},"7":{"start":{"line":8,"column":0},"end":{"line":8,"column":2}},"8":{"start":{"line":9,"column":0},"end":{"line":9,"column":0}},"9":{"start":{"line":10,"column":0},"end":{"line":10,"column":23}},"10":{"start":{"line":11,"column":0},"end":{"line":11,"column":37}},"11":{"start":{"line":12,"column":0},"end":{"line":12,"column":0}},"12":{"start":{"line":13,"column":0},"end":{"line":13,"column":71}},"13":{"start":{"line":14,"column":0},"end":{"line":14,"column":37}},"14":{"start":{"line":15,"column":0},"end":{"line":15,"column":46}},"15":{"start":{"line":16,"column":0},"end":{"line":16,"column":40}},"16":{"start":{"line":17,"column":0},"end":{"line":17,"column":42}},"17":{"start":{"line":18,"column":0},"end":{"line":18,"column":3}},"18":{"start":{"line":19,"column":0},"end":{"line":19,"column":0}},"19":{"start":{"line":20,"column":0},"end":{"line":20,"column":14}},"20":{"start":{"line":21,"column":0},"end":{"line":21,"column":27}},"21":{"start":{"line":22,"column":0},"end":{"line":22,"column":3}},"22":{"start":{"line":23,"column":0},"end":{"line":23,"column":0}},"23":{"start":{"line":24,"column":0},"end":{"line":24,"column":21}},"24":{"start":{"line":25,"column":0},"end":{"line":25,"column":34}},"25":{"start":{"line":26,"column":0},"end":{"line":26,"column":3}},"26":{"start":{"line":27,"column":0},"end":{"line":27,"column":0}},"27":{"start":{"line":28,"column":0},"end":{"line":28,"column":42}},"28":{"start":{"line":29,"column":0},"end":{"line":29,"column":43}},"29":{"start":{"line":30,"column":0},"end":{"line":30,"column":3}},"30":{"start":{"line":31,"column":0},"end":{"line":31,"column":0}},"31":{"start":{"line":32,"column":0},"end":{"line":32,"column":18}},"32":{"start":{"line":33,"column":0},"end":{"line":33,"column":31}},"33":{"start":{"line":34,"column":0},"end":{"line":34,"column":3}},"34":{"start":{"line":35,"column":0},"end":{"line":35,"column":0}},"35":{"start":{"line":36,"column":0},"end":{"line":36,"column":40}},"36":{"start":{"line":37,"column":0},"end":{"line":37,"column":40}},"37":{"start":{"line":38,"column":0},"end":{"line":38,"column":3}},"38":{"start":{"line":39,"column":0},"end":{"line":39,"column":0}},"39":{"start":{"line":40,"column":0},"end":{"line":40,"column":19}},"40":{"start":{"line":41,"column":0},"end":{"line":41,"column":32}},"41":{"start":{"line":42,"column":0},"end":{"line":42,"column":3}},"42":{"start":{"line":43,"column":0},"end":{"line":43,"column":0}},"43":{"start":{"line":44,"column":0},"end":{"line":44,"column":38}},"44":{"start":{"line":45,"column":0},"end":{"line":45,"column":47}},"45":{"start":{"line":46,"column":0},"end":{"line":46,"column":3}},"46":{"start":{"line":47,"column":0},"end":{"line":47,"column":1}}},"s":{"0":1,"1":1,"2":1,"3":1,"4":1,"5":1,"6":1,"7":1,"8":1,"9":1,"10":1,"11":1,"12":1,"13":10,"14":10,"15":10,"16":10,"17":10,"18":1,"19":1,"20":5,"21":5,"22":1,"23":1,"24":5,"25":5,"26":1,"27":1,"28":9,"29":9,"30":1,"31":1,"32":5,"33":5,"34":1,"35":1,"36":9,"37":9,"38":1,"39":1,"40":5,"41":5,"42":1,"43":1,"44":9,"45":9,"46":1},"branchMap":{"0":{"type":"branch","line":13,"loc":{"start":{"line":13,"column":30},"end":{"line":18,"column":3}},"locations":[{"start":{"line":13,"column":30},"end":{"line":18,"column":3}}]},"1":{"type":"branch","line":20,"loc":{"start":{"line":20,"column":6},"end":{"line":22,"column":3}},"locations":[{"start":{"line":20,"column":6},"end":{"line":22,"column":3}}]},"2":{"type":"branch","line":24,"loc":{"start":{"line":24,"column":6},"end":{"line":26,"column":3}},"locations":[{"start":{"line":24,"column":6},"end":{"line":26,"column":3}}]},"3":{"type":"branch","line":28,"loc":{"start":{"line":28,"column":14},"end":{"line":30,"column":3}},"locations":[{"start":{"line":28,"column":14},"end":{"line":30,"column":3}}]},"4":{"type":"branch","line":29,"loc":{"start":{"line":29,"column":34},"end":{"line":29,"column":42}},"locations":[{"start":{"line":29,"column":34},"end":{"line":29,"column":42}}]},"5":{"type":"branch","line":32,"loc":{"start":{"line":32,"column":6},"end":{"line":34,"column":3}},"locations":[{"start":{"line":32,"column":6},"end":{"line":34,"column":3}}]},"6":{"type":"branch","line":36,"loc":{"start":{"line":36,"column":14},"end":{"line":38,"column":3}},"locations":[{"start":{"line":36,"column":14},"end":{"line":38,"column":3}}]},"7":{"type":"branch","line":37,"loc":{"start":{"line":37,"column":31},"end":{"line":37,"column":39}},"locations":[{"start":{"line":37,"column":31},"end":{"line":37,"column":39}}]},"8":{"type":"branch","line":40,"loc":{"start":{"line":40,"column":6},"end":{"line":42,"column":3}},"locations":[{"start":{"line":40,"column":6},"end":{"line":42,"column":3}}]},"9":{"type":"branch","line":44,"loc":{"start":{"line":44,"column":14},"end":{"line":46,"column":3}},"locations":[{"start":{"line":44,"column":14},"end":{"line":46,"column":3}}]},"10":{"type":"branch","line":45,"loc":{"start":{"line":45,"column":32},"end":{"line":45,"column":46}},"locations":[{"start":{"line":45,"column":32},"end":{"line":45,"column":46}}]}},"b":{"0":[10],"1":[5],"2":[5],"3":[9],"4":[5],"5":[5],"6":[9],"7":[6],"8":[5],"9":[9],"10":[7]},"fnMap":{"0":{"name":"Category","decl":{"start":{"line":13,"column":30},"end":{"line":18,"column":3}},"loc":{"start":{"line":13,"column":30},"end":{"line":18,"column":3}},"line":13},"1":{"name":"get name","decl":{"start":{"line":20,"column":6},"end":{"line":22,"column":3}},"loc":{"start":{"line":20,"column":6},"end":{"line":22,"column":3}},"line":20},"2":{"name":"get description","decl":{"start":{"line":24,"column":6},"end":{"line":26,"column":3}},"loc":{"start":{"line":24,"column":6},"end":{"line":26,"column":3}},"line":24},"3":{"name":"set description","decl":{"start":{"line":28,"column":14},"end":{"line":30,"column":3}},"loc":{"start":{"line":28,"column":14},"end":{"line":30,"column":3}},"line":28},"4":{"name":"get isActive","decl":{"start":{"line":32,"column":6},"end":{"line":34,"column":3}},"loc":{"start":{"line":32,"column":6},"end":{"line":34,"column":3}},"line":32},"5":{"name":"set isActive","decl":{"start":{"line":36,"column":14},"end":{"line":38,"column":3}},"loc":{"start":{"line":36,"column":14},"end":{"line":38,"column":3}},"line":36},"6":{"name":"get createdAt","decl":{"start":{"line":40,"column":6},"end":{"line":42,"column":3}},"loc":{"start":{"line":40,"column":6},"end":{"line":42,"column":3}},"line":40},"7":{"name":"set createdAt","decl":{"start":{"line":44,"column":14},"end":{"line":46,"column":3}},"loc":{"start":{"line":44,"column":14},"end":{"line":46,"column":3}},"line":44}},"f":{"0":10,"1":5,"2":5,"3":9,"4":5,"5":9,"6":5,"7":9}}
}
