TN:
SF:src/@seedwork/domain/unique-entity-id.vo.ts
FN:5,UniqueEntityId
FN:10,validate
FNF:2
FNH:2
FNDA:10,UniqueEntityId
FNDA:10,validate
DA:1,1
DA:2,1
DA:3,1
DA:4,1
DA:5,1
DA:6,10
DA:7,10
DA:8,10
DA:9,1
DA:10,1
DA:11,10
DA:12,10
DA:13,10
DA:14,10
DA:15,1
LF:15
LH:15
BRDA:5,0,0,10
BRDA:6,1,0,8
BRDA:10,2,0,10
BRDA:13,3,0,1
BRF:4
BRH:4
end_of_record
TN:
SF:src/@seedwork/errors/invalid-uuid-error.ts
FN:2,InvalidUuidError
FNF:1
FNH:1
FNDA:1,InvalidUuidError
DA:1,1
DA:2,1
DA:3,1
DA:4,1
DA:5,1
DA:6,1
LF:6
LH:6
BRDA:2,0,0,1
BRF:1
BRH:1
end_of_record
TN:
SF:src/category/domain/entities/category.ts
FN:13,Category
FN:20,get name
FN:24,get description
FN:28,set description
FN:32,get isActive
FN:36,set isActive
FN:40,get createdAt
FN:44,set createdAt
FNF:8
FNH:8
FNDA:10,Category
FNDA:5,get name
FNDA:5,get description
FNDA:9,set description
FNDA:5,get isActive
FNDA:9,set isActive
FNDA:5,get createdAt
FNDA:9,set createdAt
DA:1,1
DA:2,1
DA:3,1
DA:4,1
DA:5,1
DA:6,1
DA:7,1
DA:8,1
DA:9,1
DA:10,1
DA:11,1
DA:12,1
DA:13,1
DA:14,10
DA:15,10
DA:16,10
DA:17,10
DA:18,10
DA:19,1
DA:20,1
DA:21,5
DA:22,5
DA:23,1
DA:24,1
DA:25,5
DA:26,5
DA:27,1
DA:28,1
DA:29,9
DA:30,9
DA:31,1
DA:32,1
DA:33,5
DA:34,5
DA:35,1
DA:36,1
DA:37,9
DA:38,9
DA:39,1
DA:40,1
DA:41,5
DA:42,5
DA:43,1
DA:44,1
DA:45,9
DA:46,9
DA:47,1
LF:47
LH:47
BRDA:13,0,0,10
BRDA:20,1,0,5
BRDA:24,2,0,5
BRDA:28,3,0,9
BRDA:29,4,0,5
BRDA:32,5,0,5
BRDA:36,6,0,9
BRDA:37,7,0,6
BRDA:40,8,0,5
BRDA:44,9,0,9
BRDA:45,10,0,7
BRF:11
BRH:11
end_of_record
